<?xml version="1.0" encoding="UTF-8"?>
<!-- Generated by org.testng.reporters.JUnitReportReporter -->
<testsuite hostname="ULTP_284" name="LoginSuite.TestCase_Credentials" tests="1" failures="1" timestamp="5 Nov 2014 08:06:22 GMT" time="0.000" errors="0">
  <testcase name="credentials" time="0.000" classname="LoginSuite.TestCase_Credentials"/>
</testsuite> <!-- LoginSuite.TestCase_Credentials -->
