<?xml version="1.0" encoding="UTF-8"?>
<!-- Generated by org.testng.reporters.JUnitReportReporter -->
<testsuite hostname="ULTP_284" name="LoginSuite.TestCase_Link" tests="1" failures="0" timestamp="5 Nov 2014 08:06:22 GMT" time="0.001" errors="0">
  <testcase name="link" time="0.001" classname="LoginSuite.TestCase_Link"/>
</testsuite> <!-- LoginSuite.TestCase_Link -->
