<?xml version="1.0" encoding="UTF-8"?>
<!-- Generated by org.testng.reporters.JUnitReportReporter -->
<testsuite hostname="ULTP_284" name="LogoutSuite.TestCase_Logout" tests="1" failures="0" timestamp="5 Nov 2014 08:06:22 GMT" time="0.001" errors="0">
  <testcase name="logout" time="0.001" classname="LogoutSuite.TestCase_Logout"/>
</testsuite> <!-- LogoutSuite.TestCase_Logout -->
